[0330/155550.042:ERROR:process_info.cc(329)] VirtualQueryEx: Acceso denegado. (0x5)
[0330/155550.047:ERROR:process_info.cc(556)] ReadMemoryInfo failed
[0330/155550.047:ERROR:process_memory_win.cc(39)] Failed to initialize ProcessInfo.
[0330/155550.047:ERROR:scoped_process_suspend.cc(40)] NtResumeProcess: Se intentó obtener acceso a un proceso que está cerrándose. (0xc000010a)
[0407/124507.287:ERROR:crash_report_database_win.cc(428)] unexpected header
[0407/133132.988:ERROR:crash_report_database_win.cc(428)] unexpected header
[0407/134744.440:ERROR:crash_report_database_win.cc(428)] unexpected header
[0407/135430.059:ERROR:crash_report_database_win.cc(428)] unexpected header
[0407/140357.378:ERROR:crash_report_database_win.cc(428)] unexpected header
[0407/141230.154:ERROR:crash_report_database_win.cc(428)] unexpected header
[0407/142009.164:ERROR:crash_report_database_win.cc(428)] unexpected header
[0407/142314.582:ERROR:crash_report_database_win.cc(428)] unexpected header
[0407/143230.775:ERROR:crash_report_database_win.cc(428)] unexpected header
[0407/164640.155:ERROR:crash_report_database_win.cc(428)] unexpected header
[0407/170447.590:ERROR:crash_report_database_win.cc(428)] unexpected header
[0407/171006.818:ERROR:crash_report_database_win.cc(428)] unexpected header
[0407/180836.629:ERROR:crash_report_database_win.cc(428)] unexpected header
[0407/181142.511:ERROR:crash_report_database_win.cc(428)] unexpected header
[0407/181848.484:ERROR:crash_report_database_win.cc(428)] unexpected header
[0408/062648.008:ERROR:crash_report_database_win.cc(428)] unexpected header
[0408/063648.015:ERROR:crash_report_database_win.cc(428)] unexpected header
[0408/063648.016:ERROR:crash_report_database_win.cc(428)] unexpected header
[0408/064148.009:ERROR:crash_report_database_win.cc(428)] unexpected header
[0408/065648.010:ERROR:crash_report_database_win.cc(428)] unexpected header
[0408/071148.012:ERROR:crash_report_database_win.cc(428)] unexpected header
[0408/072648.015:ERROR:crash_report_database_win.cc(428)] unexpected header
[0408/074148.016:ERROR:crash_report_database_win.cc(428)] unexpected header
[0408/075648.017:ERROR:crash_report_database_win.cc(428)] unexpected header
[0408/081148.019:ERROR:crash_report_database_win.cc(428)] unexpected header
[0408/082648.021:ERROR:crash_report_database_win.cc(428)] unexpected header
[0408/084148.023:ERROR:crash_report_database_win.cc(428)] unexpected header
[0408/085648.023:ERROR:crash_report_database_win.cc(428)] unexpected header
[0408/091148.024:ERROR:crash_report_database_win.cc(428)] unexpected header
[0408/092648.025:ERROR:crash_report_database_win.cc(428)] unexpected header
[0408/094148.035:ERROR:crash_report_database_win.cc(428)] unexpected header
[0408/095648.036:ERROR:crash_report_database_win.cc(428)] unexpected header
[0408/101148.037:ERROR:crash_report_database_win.cc(428)] unexpected header
[0408/104018.697:ERROR:crash_report_database_win.cc(428)] unexpected header
[0408/105518.698:ERROR:crash_report_database_win.cc(428)] unexpected header
[0408/111018.699:ERROR:crash_report_database_win.cc(428)] unexpected header
[0408/112518.700:ERROR:crash_report_database_win.cc(428)] unexpected header
[0408/114018.701:ERROR:crash_report_database_win.cc(428)] unexpected header
[0408/114159.803:ERROR:crash_report_database_win.cc(428)] unexpected header
[0408/115518.702:ERROR:crash_report_database_win.cc(428)] unexpected header
[0408/125334.778:ERROR:crash_report_database_win.cc(428)] unexpected header
[0408/130834.779:ERROR:crash_report_database_win.cc(428)] unexpected header
[0408/132334.781:ERROR:crash_report_database_win.cc(428)] unexpected header
[0408/133834.782:ERROR:crash_report_database_win.cc(428)] unexpected header
[0408/135334.783:ERROR:crash_report_database_win.cc(428)] unexpected header
[0408/141013.408:ERROR:crash_report_database_win.cc(428)] unexpected header
[0408/150233.738:ERROR:crash_report_database_win.cc(428)] unexpected header
[0408/151733.739:ERROR:crash_report_database_win.cc(428)] unexpected header
[0408/153233.741:ERROR:crash_report_database_win.cc(428)] unexpected header
[0408/154733.742:ERROR:crash_report_database_win.cc(428)] unexpected header
[0408/160233.743:ERROR:crash_report_database_win.cc(428)] unexpected header
[0408/161733.744:ERROR:crash_report_database_win.cc(428)] unexpected header
[0408/163233.744:ERROR:crash_report_database_win.cc(428)] unexpected header
[0408/164733.745:ERROR:crash_report_database_win.cc(428)] unexpected header
[0408/170233.748:ERROR:crash_report_database_win.cc(428)] unexpected header
[0408/171733.750:ERROR:crash_report_database_win.cc(428)] unexpected header
[0408/173233.750:ERROR:crash_report_database_win.cc(428)] unexpected header
[0408/174733.751:ERROR:crash_report_database_win.cc(428)] unexpected header
[0408/180233.752:ERROR:crash_report_database_win.cc(428)] unexpected header
[0408/181733.753:ERROR:crash_report_database_win.cc(428)] unexpected header
[0408/183233.755:ERROR:crash_report_database_win.cc(428)] unexpected header
[0408/191153.072:ERROR:crash_report_database_win.cc(428)] unexpected header
[0408/192653.074:ERROR:crash_report_database_win.cc(428)] unexpected header
[0408/194153.075:ERROR:crash_report_database_win.cc(428)] unexpected header
[0408/195653.077:ERROR:crash_report_database_win.cc(428)] unexpected header
[0408/201153.078:ERROR:crash_report_database_win.cc(428)] unexpected header
[0408/202653.081:ERROR:crash_report_database_win.cc(428)] unexpected header
[0408/204153.083:ERROR:crash_report_database_win.cc(428)] unexpected header
[0409/092430.424:ERROR:crash_report_database_win.cc(428)] unexpected header
[0409/125416.361:ERROR:crash_report_database_win.cc(428)] unexpected header
[0409/132436.578:ERROR:crash_report_database_win.cc(428)] unexpected header
[0413/083825.891:ERROR:crash_report_database_win.cc(428)] unexpected header
[0413/140945.858:ERROR:crash_report_database_win.cc(428)] unexpected header
[0413/143620.383:ERROR:crash_report_database_win.cc(428)] unexpected header
[0413/172517.085:ERROR:crash_report_database_win.cc(428)] unexpected header
[0413/194130.702:ERROR:crash_report_database_win.cc(428)] unexpected header
[0413/195130.706:ERROR:crash_report_database_win.cc(428)] unexpected header
[0413/195130.706:ERROR:crash_report_database_win.cc(428)] unexpected header
[0413/195630.704:ERROR:crash_report_database_win.cc(428)] unexpected header
[0413/200253.818:ERROR:crash_report_database_win.cc(428)] unexpected header
[0413/201130.705:ERROR:crash_report_database_win.cc(428)] unexpected header
[0413/202630.706:ERROR:crash_report_database_win.cc(428)] unexpected header
[0414/093807.985:ERROR:crash_report_database_win.cc(428)] unexpected header
[0414/113306.709:ERROR:crash_report_database_win.cc(428)] unexpected header
[0414/121326.743:ERROR:crash_report_database_win.cc(428)] unexpected header
[0414/132133.129:ERROR:crash_report_database_win.cc(428)] unexpected header
[0414/161101.614:ERROR:crash_report_database_win.cc(428)] unexpected header
[0414/174722.769:ERROR:crash_report_database_win.cc(428)] unexpected header
[0414/221302.295:ERROR:crash_report_database_win.cc(428)] unexpected header
[0414/222353.019:ERROR:crash_report_database_win.cc(428)] unexpected header
[0415/074046.103:ERROR:crash_report_database_win.cc(428)] unexpected header
[0415/102214.598:ERROR:crash_report_database_win.cc(428)] unexpected header
[0415/113217.280:ERROR:crash_report_database_win.cc(428)] unexpected header
[0415/121257.791:ERROR:crash_report_database_win.cc(428)] unexpected header
[0415/150955.909:ERROR:crash_report_database_win.cc(428)] unexpected header
[0415/154131.447:ERROR:crash_report_database_win.cc(428)] unexpected header
[0415/174408.991:ERROR:crash_report_database_win.cc(428)] unexpected header
[0415/193929.287:ERROR:crash_report_database_win.cc(428)] unexpected header
[0416/084918.069:ERROR:crash_report_database_win.cc(428)] unexpected header
[0416/095846.435:ERROR:crash_report_database_win.cc(428)] unexpected header
[0416/110704.076:ERROR:crash_report_database_win.cc(428)] unexpected header
[0416/131646.773:ERROR:crash_report_database_win.cc(428)] unexpected header
[0416/154043.331:ERROR:crash_report_database_win.cc(428)] unexpected header
[0416/155043.338:ERROR:crash_report_database_win.cc(428)] unexpected header
[0416/155043.339:ERROR:crash_report_database_win.cc(428)] unexpected header
[0416/155543.333:ERROR:crash_report_database_win.cc(428)] unexpected header
[0416/161043.334:ERROR:crash_report_database_win.cc(428)] unexpected header
[0416/162543.334:ERROR:crash_report_database_win.cc(428)] unexpected header
[0416/164043.334:ERROR:crash_report_database_win.cc(428)] unexpected header
[0416/165543.336:ERROR:crash_report_database_win.cc(428)] unexpected header
[0416/165833.949:ERROR:crash_report_database_win.cc(428)] unexpected header
[0416/171043.336:ERROR:crash_report_database_win.cc(428)] unexpected header
[0416/171349.854:ERROR:crash_report_database_win.cc(428)] unexpected header
[0416/172543.339:ERROR:crash_report_database_win.cc(428)] unexpected header
[0416/174043.340:ERROR:crash_report_database_win.cc(428)] unexpected header
[0416/175543.342:ERROR:crash_report_database_win.cc(428)] unexpected header
[0416/180115.723:ERROR:crash_report_database_win.cc(428)] unexpected header
[0416/181043.342:ERROR:crash_report_database_win.cc(428)] unexpected header
[0416/182332.629:ERROR:crash_report_database_win.cc(428)] unexpected header
[0416/182543.345:ERROR:crash_report_database_win.cc(428)] unexpected header
[0416/184043.345:ERROR:crash_report_database_win.cc(428)] unexpected header
[0416/184811.210:ERROR:crash_report_database_win.cc(428)] unexpected header
[0416/185543.346:ERROR:crash_report_database_win.cc(428)] unexpected header
[0416/190807.135:ERROR:crash_report_database_win.cc(428)] unexpected header
[0416/191043.346:ERROR:crash_report_database_win.cc(428)] unexpected header
[0416/192211.847:ERROR:crash_report_database_win.cc(428)] unexpected header
[0416/192543.347:ERROR:crash_report_database_win.cc(428)] unexpected header
[0416/193946.652:ERROR:crash_report_database_win.cc(428)] unexpected header
[0416/194043.349:ERROR:crash_report_database_win.cc(428)] unexpected header
[0416/195543.350:ERROR:crash_report_database_win.cc(428)] unexpected header
[0416/195617.021:ERROR:crash_report_database_win.cc(428)] unexpected header
[0416/200846.924:ERROR:crash_report_database_win.cc(428)] unexpected header
[0416/201043.350:ERROR:crash_report_database_win.cc(428)] unexpected header
[0416/202543.350:ERROR:crash_report_database_win.cc(428)] unexpected header
[0416/202642.452:ERROR:crash_report_database_win.cc(428)] unexpected header
[0416/204043.351:ERROR:crash_report_database_win.cc(428)] unexpected header
[0416/205543.352:ERROR:crash_report_database_win.cc(428)] unexpected header
[0416/211043.352:ERROR:crash_report_database_win.cc(428)] unexpected header
[0417/082036.448:ERROR:crash_report_database_win.cc(428)] unexpected header
[0417/085351.501:ERROR:crash_report_database_win.cc(428)] unexpected header
[0417/134617.078:ERROR:crash_report_database_win.cc(428)] unexpected header
[0417/152900.611:ERROR:crash_report_database_win.cc(428)] unexpected header
[0417/171018.945:ERROR:crash_report_database_win.cc(428)] unexpected header
[0417/172018.950:ERROR:crash_report_database_win.cc(428)] unexpected header
[0417/172018.950:ERROR:crash_report_database_win.cc(428)] unexpected header
[0417/172518.948:ERROR:crash_report_database_win.cc(428)] unexpected header
[0417/174018.950:ERROR:crash_report_database_win.cc(428)] unexpected header
[0417/175518.953:ERROR:crash_report_database_win.cc(428)] unexpected header
[0417/181018.954:ERROR:crash_report_database_win.cc(428)] unexpected header
[0417/182518.955:ERROR:crash_report_database_win.cc(428)] unexpected header
[0417/184018.956:ERROR:crash_report_database_win.cc(428)] unexpected header
[0417/185518.956:ERROR:crash_report_database_win.cc(428)] unexpected header
[0417/191018.957:ERROR:crash_report_database_win.cc(428)] unexpected header
[0417/192518.959:ERROR:crash_report_database_win.cc(428)] unexpected header
[0417/194018.961:ERROR:crash_report_database_win.cc(428)] unexpected header
[0417/195518.963:ERROR:crash_report_database_win.cc(428)] unexpected header
[0417/201018.963:ERROR:crash_report_database_win.cc(428)] unexpected header
[0417/202518.965:ERROR:crash_report_database_win.cc(428)] unexpected header
[0417/204018.966:ERROR:crash_report_database_win.cc(428)] unexpected header
[0417/205518.967:ERROR:crash_report_database_win.cc(428)] unexpected header
[0417/211018.968:ERROR:crash_report_database_win.cc(428)] unexpected header
[0417/212518.969:ERROR:crash_report_database_win.cc(428)] unexpected header
[0417/222534.761:ERROR:crash_report_database_win.cc(428)] unexpected header
[0417/223641.465:ERROR:crash_report_database_win.cc(428)] unexpected header
[0417/224034.762:ERROR:crash_report_database_win.cc(428)] unexpected header
[0417/225534.763:ERROR:crash_report_database_win.cc(428)] unexpected header
[0418/124103.002:ERROR:crash_report_database_win.cc(428)] unexpected header
[0418/142719.516:ERROR:crash_report_database_win.cc(428)] unexpected header
[0418/150149.733:ERROR:crash_report_database_win.cc(428)] unexpected header
[0418/150149.733:ERROR:crash_report_database_win.cc(428)] unexpected header
[0418/150649.739:ERROR:crash_report_database_win.cc(428)] unexpected header
[0418/152149.740:ERROR:crash_report_database_win.cc(428)] unexpected header
[0418/153649.741:ERROR:crash_report_database_win.cc(428)] unexpected header
[0418/155149.742:ERROR:crash_report_database_win.cc(428)] unexpected header
[0418/160649.743:ERROR:crash_report_database_win.cc(428)] unexpected header
[0418/162149.744:ERROR:crash_report_database_win.cc(428)] unexpected header
[0418/163649.745:ERROR:crash_report_database_win.cc(428)] unexpected header
[0418/165149.746:ERROR:crash_report_database_win.cc(428)] unexpected header
[0418/170649.750:ERROR:crash_report_database_win.cc(428)] unexpected header
[0418/174706.048:ERROR:crash_report_database_win.cc(428)] unexpected header
[0418/180206.048:ERROR:crash_report_database_win.cc(428)] unexpected header
[0418/181706.048:ERROR:crash_report_database_win.cc(428)] unexpected header
[0418/183206.048:ERROR:crash_report_database_win.cc(428)] unexpected header
[0418/184706.048:ERROR:crash_report_database_win.cc(428)] unexpected header
[0418/185013.891:ERROR:crash_report_database_win.cc(428)] unexpected header
[0418/190206.051:ERROR:crash_report_database_win.cc(428)] unexpected header
[0418/191706.053:ERROR:crash_report_database_win.cc(428)] unexpected header
[0418/193206.055:ERROR:crash_report_database_win.cc(428)] unexpected header
[0418/194706.057:ERROR:crash_report_database_win.cc(428)] unexpected header
[0418/195522.723:ERROR:crash_report_database_win.cc(428)] unexpected header
[0418/200206.059:ERROR:crash_report_database_win.cc(428)] unexpected header
[0418/201706.060:ERROR:crash_report_database_win.cc(428)] unexpected header
[0418/203206.062:ERROR:crash_report_database_win.cc(428)] unexpected header
[0418/204706.063:ERROR:crash_report_database_win.cc(428)] unexpected header
[0418/210206.065:ERROR:crash_report_database_win.cc(428)] unexpected header
[0418/211706.066:ERROR:crash_report_database_win.cc(428)] unexpected header
[0418/213206.067:ERROR:crash_report_database_win.cc(428)] unexpected header
[0418/214706.067:ERROR:crash_report_database_win.cc(428)] unexpected header
[0419/094024.537:ERROR:crash_report_database_win.cc(428)] unexpected header
[0419/102404.882:ERROR:crash_report_database_win.cc(428)] unexpected header
[0420/083022.603:ERROR:crash_report_database_win.cc(428)] unexpected header
[0420/113809.581:ERROR:crash_report_database_win.cc(428)] unexpected header
[0420/133458.548:ERROR:crash_report_database_win.cc(428)] unexpected header
[0420/140612.336:ERROR:crash_report_database_win.cc(428)] unexpected header
[0420/141612.337:ERROR:crash_report_database_win.cc(428)] unexpected header
[0420/141612.338:ERROR:crash_report_database_win.cc(428)] unexpected header
[0420/142112.339:ERROR:crash_report_database_win.cc(428)] unexpected header
[0420/143612.341:ERROR:crash_report_database_win.cc(428)] unexpected header
[0420/145112.342:ERROR:crash_report_database_win.cc(428)] unexpected header
[0420/164940.286:ERROR:crash_report_database_win.cc(428)] unexpected header
[0420/170440.289:ERROR:crash_report_database_win.cc(428)] unexpected header
[0420/171940.290:ERROR:crash_report_database_win.cc(428)] unexpected header
[0420/173440.295:ERROR:crash_report_database_win.cc(428)] unexpected header
[0420/183634.696:ERROR:crash_report_database_win.cc(428)] unexpected header
[0420/185134.698:ERROR:crash_report_database_win.cc(428)] unexpected header
[0420/190634.699:ERROR:crash_report_database_win.cc(428)] unexpected header
[0420/192134.700:ERROR:crash_report_database_win.cc(428)] unexpected header
[0420/193634.701:ERROR:crash_report_database_win.cc(428)] unexpected header
[0420/195452.387:ERROR:crash_report_database_win.cc(428)] unexpected header
[0420/200952.390:ERROR:crash_report_database_win.cc(428)] unexpected header
[0420/202452.390:ERROR:crash_report_database_win.cc(428)] unexpected header
[0420/203952.391:ERROR:crash_report_database_win.cc(428)] unexpected header
[0420/205452.393:ERROR:crash_report_database_win.cc(428)] unexpected header
[0420/210952.393:ERROR:crash_report_database_win.cc(428)] unexpected header
[0420/212452.395:ERROR:crash_report_database_win.cc(428)] unexpected header
[0420/212903.960:ERROR:crash_report_database_win.cc(428)] unexpected header
[0420/213952.395:ERROR:crash_report_database_win.cc(428)] unexpected header
[0420/215452.397:ERROR:crash_report_database_win.cc(428)] unexpected header
[0420/220952.397:ERROR:crash_report_database_win.cc(428)] unexpected header
[0420/222452.399:ERROR:crash_report_database_win.cc(428)] unexpected header
[0420/223952.402:ERROR:crash_report_database_win.cc(428)] unexpected header
[0420/225452.402:ERROR:crash_report_database_win.cc(428)] unexpected header
[0420/230952.404:ERROR:crash_report_database_win.cc(428)] unexpected header
[0420/232452.405:ERROR:crash_report_database_win.cc(428)] unexpected header
[0420/233952.406:ERROR:crash_report_database_win.cc(428)] unexpected header
[0420/235452.406:ERROR:crash_report_database_win.cc(428)] unexpected header
[0421/000952.407:ERROR:crash_report_database_win.cc(428)] unexpected header
[0421/082259.080:ERROR:crash_report_database_win.cc(428)] unexpected header
[0421/083259.086:ERROR:crash_report_database_win.cc(428)] unexpected header
[0421/083259.087:ERROR:crash_report_database_win.cc(428)] unexpected header
[0421/083759.083:ERROR:crash_report_database_win.cc(428)] unexpected header
[0421/085259.086:ERROR:crash_report_database_win.cc(428)] unexpected header
[0421/090759.096:ERROR:crash_report_database_win.cc(428)] unexpected header
[0421/092259.097:ERROR:crash_report_database_win.cc(428)] unexpected header
[0421/093759.099:ERROR:crash_report_database_win.cc(428)] unexpected header
[0421/095259.100:ERROR:crash_report_database_win.cc(428)] unexpected header
[0421/095326.676:ERROR:crash_report_database_win.cc(428)] unexpected header
[0421/100759.104:ERROR:crash_report_database_win.cc(428)] unexpected header
[0421/102259.105:ERROR:crash_report_database_win.cc(428)] unexpected header
[0421/103759.107:ERROR:crash_report_database_win.cc(428)] unexpected header
[0421/105259.109:ERROR:crash_report_database_win.cc(428)] unexpected header
[0421/110759.110:ERROR:crash_report_database_win.cc(428)] unexpected header
[0421/112259.114:ERROR:crash_report_database_win.cc(428)] unexpected header
[0421/113759.115:ERROR:crash_report_database_win.cc(428)] unexpected header
[0421/115259.117:ERROR:crash_report_database_win.cc(428)] unexpected header
[0421/120759.118:ERROR:crash_report_database_win.cc(428)] unexpected header
[0421/122259.119:ERROR:crash_report_database_win.cc(428)] unexpected header
[0421/123759.122:ERROR:crash_report_database_win.cc(428)] unexpected header
[0421/125259.123:ERROR:crash_report_database_win.cc(428)] unexpected header
[0421/130759.124:ERROR:crash_report_database_win.cc(428)] unexpected header
[0421/132259.126:ERROR:crash_report_database_win.cc(428)] unexpected header
[0421/133759.127:ERROR:crash_report_database_win.cc(428)] unexpected header
[0421/135259.127:ERROR:crash_report_database_win.cc(428)] unexpected header
[0421/135502.090:ERROR:crash_report_database_win.cc(428)] unexpected header
[0421/144350.367:ERROR:crash_report_database_win.cc(428)] unexpected header
[0421/145850.368:ERROR:crash_report_database_win.cc(428)] unexpected header
[0421/151350.370:ERROR:crash_report_database_win.cc(428)] unexpected header
[0421/152850.371:ERROR:crash_report_database_win.cc(428)] unexpected header
[0421/154350.374:ERROR:crash_report_database_win.cc(428)] unexpected header
[0421/155850.377:ERROR:crash_report_database_win.cc(428)] unexpected header
[0421/163951.288:ERROR:crash_report_database_win.cc(428)] unexpected header
[0421/164951.292:ERROR:crash_report_database_win.cc(428)] unexpected header
[0421/164951.293:ERROR:crash_report_database_win.cc(428)] unexpected header
[0421/165451.292:ERROR:crash_report_database_win.cc(428)] unexpected header
[0421/170951.292:ERROR:crash_report_database_win.cc(428)] unexpected header
[0421/172451.294:ERROR:crash_report_database_win.cc(428)] unexpected header
[0421/172820.542:ERROR:crash_report_database_win.cc(428)] unexpected header
[0421/173951.297:ERROR:crash_report_database_win.cc(428)] unexpected header
[0421/175451.298:ERROR:crash_report_database_win.cc(428)] unexpected header
[0421/180951.300:ERROR:crash_report_database_win.cc(428)] unexpected header
[0421/182451.301:ERROR:crash_report_database_win.cc(428)] unexpected header
[0421/183951.302:ERROR:crash_report_database_win.cc(428)] unexpected header
[0421/185451.302:ERROR:crash_report_database_win.cc(428)] unexpected header
[0421/190951.304:ERROR:crash_report_database_win.cc(428)] unexpected header
[0421/191107.648:ERROR:crash_report_database_win.cc(428)] unexpected header
[0421/192451.304:ERROR:crash_report_database_win.cc(428)] unexpected header
[0421/193951.305:ERROR:crash_report_database_win.cc(428)] unexpected header
[0421/195451.307:ERROR:crash_report_database_win.cc(428)] unexpected header
[0421/200951.307:ERROR:crash_report_database_win.cc(428)] unexpected header
[0422/074007.137:ERROR:crash_report_database_win.cc(428)] unexpected header
[0422/075007.141:ERROR:crash_report_database_win.cc(428)] unexpected header
[0422/075007.142:ERROR:crash_report_database_win.cc(428)] unexpected header
[0422/075507.140:ERROR:crash_report_database_win.cc(428)] unexpected header
[0422/081007.141:ERROR:crash_report_database_win.cc(428)] unexpected header
[0422/082507.142:ERROR:crash_report_database_win.cc(428)] unexpected header
[0422/082857.558:ERROR:crash_report_database_win.cc(428)] unexpected header
[0422/084007.176:ERROR:crash_report_database_win.cc(428)] unexpected header
[0422/085507.213:ERROR:crash_report_database_win.cc(428)] unexpected header
[0422/091007.214:ERROR:crash_report_database_win.cc(428)] unexpected header
[0422/092507.216:ERROR:crash_report_database_win.cc(428)] unexpected header
[0422/094007.217:ERROR:crash_report_database_win.cc(428)] unexpected header
[0422/103846.401:ERROR:crash_report_database_win.cc(428)] unexpected header
[0422/112243.491:ERROR:crash_report_database_win.cc(428)] unexpected header
[0422/113243.496:ERROR:crash_report_database_win.cc(428)] unexpected header
[0422/113243.497:ERROR:crash_report_database_win.cc(428)] unexpected header
[0422/113743.495:ERROR:crash_report_database_win.cc(428)] unexpected header
[0422/115243.495:ERROR:crash_report_database_win.cc(428)] unexpected header
[0422/120743.495:ERROR:crash_report_database_win.cc(428)] unexpected header
[0422/122243.496:ERROR:crash_report_database_win.cc(428)] unexpected header
[0422/123743.498:ERROR:crash_report_database_win.cc(428)] unexpected header
[0422/125243.499:ERROR:crash_report_database_win.cc(428)] unexpected header
[0422/130743.499:ERROR:crash_report_database_win.cc(428)] unexpected header
[0422/132243.501:ERROR:crash_report_database_win.cc(428)] unexpected header
[0422/133743.502:ERROR:crash_report_database_win.cc(428)] unexpected header
[0422/135243.503:ERROR:crash_report_database_win.cc(428)] unexpected header
[0422/140743.505:ERROR:crash_report_database_win.cc(428)] unexpected header
[0422/145044.857:ERROR:crash_report_database_win.cc(428)] unexpected header
[0422/150544.859:ERROR:crash_report_database_win.cc(428)] unexpected header
[0422/152044.860:ERROR:crash_report_database_win.cc(428)] unexpected header
[0422/153544.861:ERROR:crash_report_database_win.cc(428)] unexpected header
[0422/155044.861:ERROR:crash_report_database_win.cc(428)] unexpected header
[0422/160544.862:ERROR:crash_report_database_win.cc(428)] unexpected header
[0422/171513.079:ERROR:crash_report_database_win.cc(428)] unexpected header
[0423/081533.214:ERROR:crash_report_database_win.cc(428)] unexpected header
[0423/082533.219:ERROR:crash_report_database_win.cc(428)] unexpected header
[0423/082533.220:ERROR:crash_report_database_win.cc(428)] unexpected header
[0423/083033.216:ERROR:crash_report_database_win.cc(428)] unexpected header
[0423/084533.219:ERROR:crash_report_database_win.cc(428)] unexpected header
[0423/090033.223:ERROR:crash_report_database_win.cc(428)] unexpected header
[0423/091533.224:ERROR:crash_report_database_win.cc(428)] unexpected header
[0423/093033.230:ERROR:crash_report_database_win.cc(428)] unexpected header
[0423/094533.232:ERROR:crash_report_database_win.cc(428)] unexpected header
[0423/100033.234:ERROR:crash_report_database_win.cc(428)] unexpected header
[0423/101533.235:ERROR:crash_report_database_win.cc(428)] unexpected header
[0423/103033.236:ERROR:crash_report_database_win.cc(428)] unexpected header
[0423/104533.238:ERROR:crash_report_database_win.cc(428)] unexpected header
[0423/110033.238:ERROR:crash_report_database_win.cc(428)] unexpected header
[0423/111532.023:ERROR:crash_report_database_win.cc(428)] unexpected header
[0423/113032.025:ERROR:crash_report_database_win.cc(428)] unexpected header
[0423/114532.026:ERROR:crash_report_database_win.cc(428)] unexpected header
[0423/120032.027:ERROR:crash_report_database_win.cc(428)] unexpected header
[0423/121532.028:ERROR:crash_report_database_win.cc(428)] unexpected header
[0423/123032.029:ERROR:crash_report_database_win.cc(428)] unexpected header
[0423/142733.049:ERROR:crash_report_database_win.cc(428)] unexpected header
[0423/144233.051:ERROR:crash_report_database_win.cc(428)] unexpected header
[0423/145733.052:ERROR:crash_report_database_win.cc(428)] unexpected header
[0423/151233.052:ERROR:crash_report_database_win.cc(428)] unexpected header
[0423/152733.054:ERROR:crash_report_database_win.cc(428)] unexpected header
[0423/154235.225:ERROR:crash_report_database_win.cc(428)] unexpected header
[0423/155735.227:ERROR:crash_report_database_win.cc(428)] unexpected header
[0423/161235.229:ERROR:crash_report_database_win.cc(428)] unexpected header
[0423/162735.230:ERROR:crash_report_database_win.cc(428)] unexpected header
[0423/164235.265:ERROR:crash_report_database_win.cc(428)] unexpected header
[0423/170703.142:ERROR:crash_report_database_win.cc(428)] unexpected header
[0423/171703.150:ERROR:crash_report_database_win.cc(428)] unexpected header
[0423/171703.151:ERROR:crash_report_database_win.cc(428)] unexpected header
[0423/172203.144:ERROR:crash_report_database_win.cc(428)] unexpected header
[0423/173508.774:ERROR:crash_report_database_win.cc(428)] unexpected header
[0423/173703.145:ERROR:crash_report_database_win.cc(428)] unexpected header
[0423/175203.145:ERROR:crash_report_database_win.cc(428)] unexpected header
[0423/180703.145:ERROR:crash_report_database_win.cc(428)] unexpected header
[0423/181250.145:ERROR:crash_report_database_win.cc(428)] unexpected header
[0423/182203.183:ERROR:crash_report_database_win.cc(428)] unexpected header
[0423/183703.184:ERROR:crash_report_database_win.cc(428)] unexpected header
[0423/185203.185:ERROR:crash_report_database_win.cc(428)] unexpected header
[0423/193607.232:ERROR:crash_report_database_win.cc(428)] unexpected header
[0423/195107.233:ERROR:crash_report_database_win.cc(428)] unexpected header
[0423/200607.234:ERROR:crash_report_database_win.cc(428)] unexpected header
[0423/202107.235:ERROR:crash_report_database_win.cc(428)] unexpected header
[0423/203607.238:ERROR:crash_report_database_win.cc(428)] unexpected header
[0423/205107.238:ERROR:crash_report_database_win.cc(428)] unexpected header
[0423/210607.238:ERROR:crash_report_database_win.cc(428)] unexpected header
[0423/212107.239:ERROR:crash_report_database_win.cc(428)] unexpected header
[0423/213607.239:ERROR:crash_report_database_win.cc(428)] unexpected header
[0423/215107.240:ERROR:crash_report_database_win.cc(428)] unexpected header
[0423/220607.241:ERROR:crash_report_database_win.cc(428)] unexpected header
[0423/222107.243:ERROR:crash_report_database_win.cc(428)] unexpected header
[0423/223607.244:ERROR:crash_report_database_win.cc(428)] unexpected header
[0423/225107.246:ERROR:crash_report_database_win.cc(428)] unexpected header
[0423/230607.248:ERROR:crash_report_database_win.cc(428)] unexpected header
[0423/232107.249:ERROR:crash_report_database_win.cc(428)] unexpected header
[0424/083339.762:ERROR:crash_report_database_win.cc(428)] unexpected header
[0424/084339.768:ERROR:crash_report_database_win.cc(428)] unexpected header
[0424/084339.769:ERROR:crash_report_database_win.cc(428)] unexpected header
[0424/084839.765:ERROR:crash_report_database_win.cc(428)] unexpected header
[0424/090339.766:ERROR:crash_report_database_win.cc(428)] unexpected header
[0424/091839.768:ERROR:crash_report_database_win.cc(428)] unexpected header
[0424/093339.769:ERROR:crash_report_database_win.cc(428)] unexpected header
[0424/094839.771:ERROR:crash_report_database_win.cc(428)] unexpected header
[0424/100339.773:ERROR:crash_report_database_win.cc(428)] unexpected header
[0424/101839.775:ERROR:crash_report_database_win.cc(428)] unexpected header
[0424/103339.776:ERROR:crash_report_database_win.cc(428)] unexpected header
[0424/104839.778:ERROR:crash_report_database_win.cc(428)] unexpected header
[0424/110339.779:ERROR:crash_report_database_win.cc(428)] unexpected header
[0424/111839.780:ERROR:crash_report_database_win.cc(428)] unexpected header
[0424/113339.780:ERROR:crash_report_database_win.cc(428)] unexpected header
[0424/114839.782:ERROR:crash_report_database_win.cc(428)] unexpected header
[0424/132804.034:ERROR:crash_report_database_win.cc(428)] unexpected header
[0424/134304.036:ERROR:crash_report_database_win.cc(428)] unexpected header
[0424/135804.038:ERROR:crash_report_database_win.cc(428)] unexpected header
[0424/141304.040:ERROR:crash_report_database_win.cc(428)] unexpected header
[0424/170843.307:ERROR:crash_report_database_win.cc(428)] unexpected header
[0424/172238.274:ERROR:crash_report_database_win.cc(428)] unexpected header
[0424/172343.310:ERROR:crash_report_database_win.cc(428)] unexpected header
[0424/173843.311:ERROR:crash_report_database_win.cc(428)] unexpected header
[0424/175343.312:ERROR:crash_report_database_win.cc(428)] unexpected header
[0424/180843.313:ERROR:crash_report_database_win.cc(428)] unexpected header
[0424/182343.315:ERROR:crash_report_database_win.cc(428)] unexpected header
[0424/183843.318:ERROR:crash_report_database_win.cc(428)] unexpected header
[0424/185343.319:ERROR:crash_report_database_win.cc(428)] unexpected header
[0424/190253.253:ERROR:crash_report_database_win.cc(428)] unexpected header
[0424/190843.319:ERROR:crash_report_database_win.cc(428)] unexpected header
[0424/192343.321:ERROR:crash_report_database_win.cc(428)] unexpected header
[0424/192944.592:ERROR:crash_report_database_win.cc(428)] unexpected header
[0424/193843.323:ERROR:crash_report_database_win.cc(428)] unexpected header
[0424/195343.324:ERROR:crash_report_database_win.cc(428)] unexpected header
[0424/203720.500:ERROR:crash_report_database_win.cc(428)] unexpected header
[0424/204720.505:ERROR:crash_report_database_win.cc(428)] unexpected header
[0424/204720.506:ERROR:crash_report_database_win.cc(428)] unexpected header
[0424/205220.502:ERROR:crash_report_database_win.cc(428)] unexpected header
[0424/210720.503:ERROR:crash_report_database_win.cc(428)] unexpected header
[0424/211726.934:ERROR:crash_report_database_win.cc(428)] unexpected header
[0424/212220.504:ERROR:crash_report_database_win.cc(428)] unexpected header
[0424/212820.101:ERROR:crash_report_database_win.cc(428)] unexpected header
[0424/213543.474:ERROR:crash_report_database_win.cc(428)] unexpected header
[0424/213720.504:ERROR:crash_report_database_win.cc(428)] unexpected header
[0424/221944.065:ERROR:crash_report_database_win.cc(428)] unexpected header
[0424/223444.067:ERROR:crash_report_database_win.cc(428)] unexpected header
[0424/224944.068:ERROR:crash_report_database_win.cc(428)] unexpected header
[0424/230444.071:ERROR:crash_report_database_win.cc(428)] unexpected header
[0425/064032.609:ERROR:crash_report_database_win.cc(428)] unexpected header
[0425/065032.614:ERROR:crash_report_database_win.cc(428)] unexpected header
[0425/065032.615:ERROR:crash_report_database_win.cc(428)] unexpected header
[0425/065532.611:ERROR:crash_report_database_win.cc(428)] unexpected header
[0425/071032.612:ERROR:crash_report_database_win.cc(428)] unexpected header
[0425/072532.612:ERROR:crash_report_database_win.cc(428)] unexpected header
[0425/074032.615:ERROR:crash_report_database_win.cc(428)] unexpected header
[0425/075532.616:ERROR:crash_report_database_win.cc(428)] unexpected header
[0425/081032.620:ERROR:crash_report_database_win.cc(428)] unexpected header
[0425/084751.500:ERROR:crash_report_database_win.cc(428)] unexpected header
[0425/085008.148:ERROR:crash_report_database_win.cc(428)] unexpected header
[0425/090508.149:ERROR:crash_report_database_win.cc(428)] unexpected header
[0425/092008.150:ERROR:crash_report_database_win.cc(428)] unexpected header
[0425/093508.151:ERROR:crash_report_database_win.cc(428)] unexpected header
[0425/095008.152:ERROR:crash_report_database_win.cc(428)] unexpected header
[0425/100508.153:ERROR:crash_report_database_win.cc(428)] unexpected header
[0425/102008.154:ERROR:crash_report_database_win.cc(428)] unexpected header
[0425/103508.156:ERROR:crash_report_database_win.cc(428)] unexpected header
[0425/105008.157:ERROR:crash_report_database_win.cc(428)] unexpected header
[0425/110508.160:ERROR:crash_report_database_win.cc(428)] unexpected header
[0425/113340.651:ERROR:crash_report_database_win.cc(428)] unexpected header
[0425/114340.675:ERROR:crash_report_database_win.cc(428)] unexpected header
[0425/114340.675:ERROR:crash_report_database_win.cc(428)] unexpected header
[0425/114840.654:ERROR:crash_report_database_win.cc(428)] unexpected header
[0425/120340.654:ERROR:crash_report_database_win.cc(428)] unexpected header
[0425/121840.678:ERROR:crash_report_database_win.cc(428)] unexpected header
[0425/123340.679:ERROR:crash_report_database_win.cc(428)] unexpected header
[0425/124840.679:ERROR:crash_report_database_win.cc(428)] unexpected header
[0425/130340.680:ERROR:crash_report_database_win.cc(428)] unexpected header
[0425/163000.221:ERROR:crash_report_database_win.cc(428)] unexpected header
[0425/173843.690:ERROR:crash_report_database_win.cc(428)] unexpected header
[0425/181554.451:ERROR:crash_report_database_win.cc(428)] unexpected header
[0426/005400.094:ERROR:crash_report_database_win.cc(428)] unexpected header
[0426/010237.025:ERROR:crash_report_database_win.cc(428)] unexpected header
[0426/010400.101:ERROR:crash_report_database_win.cc(428)] unexpected header
[0426/010400.101:ERROR:crash_report_database_win.cc(428)] unexpected header
[0426/010648.563:ERROR:crash_report_database_win.cc(428)] unexpected header
[0426/010900.096:ERROR:crash_report_database_win.cc(428)] unexpected header
[0426/195220.261:ERROR:crash_report_database_win.cc(428)] unexpected header
[0426/200220.267:ERROR:crash_report_database_win.cc(428)] unexpected header
[0426/200220.267:ERROR:crash_report_database_win.cc(428)] unexpected header
[0426/200720.263:ERROR:crash_report_database_win.cc(428)] unexpected header
[0426/202220.265:ERROR:crash_report_database_win.cc(428)] unexpected header
[0426/203720.267:ERROR:crash_report_database_win.cc(428)] unexpected header
[0427/072320.121:ERROR:crash_report_database_win.cc(428)] unexpected header
[0427/080727.491:ERROR:crash_report_database_win.cc(428)] unexpected header
[0427/084526.172:ERROR:crash_report_database_win.cc(428)] unexpected header
[0427/085526.173:ERROR:crash_report_database_win.cc(428)] unexpected header
[0427/085526.174:ERROR:crash_report_database_win.cc(428)] unexpected header
[0427/090026.185:ERROR:crash_report_database_win.cc(428)] unexpected header
[0427/091526.186:ERROR:crash_report_database_win.cc(428)] unexpected header
[0427/093026.189:ERROR:crash_report_database_win.cc(428)] unexpected header
[0427/094526.189:ERROR:crash_report_database_win.cc(428)] unexpected header
[0427/103358.796:ERROR:crash_report_database_win.cc(428)] unexpected header
[0427/104858.797:ERROR:crash_report_database_win.cc(428)] unexpected header
[0427/110358.800:ERROR:crash_report_database_win.cc(428)] unexpected header
[0427/114319.284:ERROR:crash_report_database_win.cc(428)] unexpected header
[0427/122313.819:ERROR:crash_report_database_win.cc(428)] unexpected header
[0427/123313.824:ERROR:crash_report_database_win.cc(428)] unexpected header
[0427/123313.825:ERROR:crash_report_database_win.cc(428)] unexpected header
[0427/123813.821:ERROR:crash_report_database_win.cc(428)] unexpected header
[0427/125313.822:ERROR:crash_report_database_win.cc(428)] unexpected header
[0427/130813.824:ERROR:crash_report_database_win.cc(428)] unexpected header
[0427/134531.543:ERROR:crash_report_database_win.cc(428)] unexpected header
[0427/135531.547:ERROR:crash_report_database_win.cc(428)] unexpected header
[0427/135531.548:ERROR:crash_report_database_win.cc(428)] unexpected header
[0427/140031.543:ERROR:crash_report_database_win.cc(428)] unexpected header
[0427/141531.545:ERROR:crash_report_database_win.cc(428)] unexpected header
[0427/143031.546:ERROR:crash_report_database_win.cc(428)] unexpected header
[0427/144531.547:ERROR:crash_report_database_win.cc(428)] unexpected header
[0427/150031.549:ERROR:crash_report_database_win.cc(428)] unexpected header
[0427/151817.123:ERROR:crash_report_database_win.cc(428)] unexpected header
[0427/153317.126:ERROR:crash_report_database_win.cc(428)] unexpected header
[0427/154817.126:ERROR:crash_report_database_win.cc(428)] unexpected header
[0427/154841.731:ERROR:crash_report_database_win.cc(428)] unexpected header
[0427/164738.557:ERROR:crash_report_database_win.cc(428)] unexpected header
[0427/164846.422:ERROR:crash_report_database_win.cc(428)] unexpected header
[0427/170346.423:ERROR:crash_report_database_win.cc(428)] unexpected header
[0427/171843.580:ERROR:crash_report_database_win.cc(428)] unexpected header
[0427/173343.581:ERROR:crash_report_database_win.cc(428)] unexpected header
[0427/174843.581:ERROR:crash_report_database_win.cc(428)] unexpected header
[0427/180343.582:ERROR:crash_report_database_win.cc(428)] unexpected header
[0427/181003.177:ERROR:crash_report_database_win.cc(428)] unexpected header
[0427/181843.582:ERROR:crash_report_database_win.cc(428)] unexpected header
[0427/192617.157:ERROR:crash_report_database_win.cc(428)] unexpected header
[0427/194117.158:ERROR:crash_report_database_win.cc(428)] unexpected header
[0427/200404.135:ERROR:crash_report_database_win.cc(428)] unexpected header
[0427/201904.136:ERROR:crash_report_database_win.cc(428)] unexpected header
[0427/203404.138:ERROR:crash_report_database_win.cc(428)] unexpected header
[0427/204904.139:ERROR:crash_report_database_win.cc(428)] unexpected header
[0427/210404.140:ERROR:crash_report_database_win.cc(428)] unexpected header
[0427/211904.140:ERROR:crash_report_database_win.cc(428)] unexpected header
[0427/213404.141:ERROR:crash_report_database_win.cc(428)] unexpected header
[0427/214904.142:ERROR:crash_report_database_win.cc(428)] unexpected header
[0427/220404.143:ERROR:crash_report_database_win.cc(428)] unexpected header
[0427/221904.144:ERROR:crash_report_database_win.cc(428)] unexpected header
[0427/223404.145:ERROR:crash_report_database_win.cc(428)] unexpected header
[0427/224904.147:ERROR:crash_report_database_win.cc(428)] unexpected header
[0427/230404.147:ERROR:crash_report_database_win.cc(428)] unexpected header
[0427/231904.149:ERROR:crash_report_database_win.cc(428)] unexpected header
[0427/233404.150:ERROR:crash_report_database_win.cc(428)] unexpected header
[0427/234904.152:ERROR:crash_report_database_win.cc(428)] unexpected header
[0428/000404.153:ERROR:crash_report_database_win.cc(428)] unexpected header
[0428/001904.154:ERROR:crash_report_database_win.cc(428)] unexpected header
[0428/083408.596:ERROR:crash_report_database_win.cc(428)] unexpected header
[0428/084408.594:ERROR:crash_report_database_win.cc(428)] unexpected header
[0428/084408.595:ERROR:crash_report_database_win.cc(428)] unexpected header
[0428/084908.599:ERROR:crash_report_database_win.cc(428)] unexpected header
[0428/090408.599:ERROR:crash_report_database_win.cc(428)] unexpected header
[0428/091908.600:ERROR:crash_report_database_win.cc(428)] unexpected header
[0428/093408.602:ERROR:crash_report_database_win.cc(428)] unexpected header
[0428/094908.603:ERROR:crash_report_database_win.cc(428)] unexpected header
[0428/100408.607:ERROR:crash_report_database_win.cc(428)] unexpected header
[0428/101413.363:ERROR:crash_report_database_win.cc(428)] unexpected header
[0428/101554.194:ERROR:crash_report_database_win.cc(428)] unexpected header
[0428/113413.532:ERROR:crash_report_database_win.cc(428)] unexpected header
[0428/114320.198:ERROR:crash_report_database_win.cc(428)] unexpected header
[0428/114413.532:ERROR:crash_report_database_win.cc(428)] unexpected header
[0428/114413.532:ERROR:crash_report_database_win.cc(428)] unexpected header
[0428/114433.914:ERROR:crash_report_database_win.cc(428)] unexpected header
[0428/114913.535:ERROR:crash_report_database_win.cc(428)] unexpected header
[0428/115022.676:ERROR:crash_report_database_win.cc(428)] unexpected header
[0428/120413.537:ERROR:crash_report_database_win.cc(428)] unexpected header
[0428/120709.407:ERROR:crash_report_database_win.cc(428)] unexpected header
[0428/121913.539:ERROR:crash_report_database_win.cc(428)] unexpected header
[0428/123413.539:ERROR:crash_report_database_win.cc(428)] unexpected header
[0428/124913.540:ERROR:crash_report_database_win.cc(428)] unexpected header
[0428/130413.541:ERROR:crash_report_database_win.cc(428)] unexpected header
[0428/131913.542:ERROR:crash_report_database_win.cc(428)] unexpected header
[0428/133413.544:ERROR:crash_report_database_win.cc(428)] unexpected header
[0428/134913.544:ERROR:crash_report_database_win.cc(428)] unexpected header
[0428/140413.545:ERROR:crash_report_database_win.cc(428)] unexpected header
[0428/150419.188:ERROR:crash_report_database_win.cc(428)] unexpected header
[0428/155336.310:ERROR:crash_report_database_win.cc(428)] unexpected header
[0428/161231.744:ERROR:crash_report_database_win.cc(428)] unexpected header
[0428/162731.744:ERROR:crash_report_database_win.cc(428)] unexpected header
[0428/164231.747:ERROR:crash_report_database_win.cc(428)] unexpected header
[0428/165731.749:ERROR:crash_report_database_win.cc(428)] unexpected header
[0428/171231.751:ERROR:crash_report_database_win.cc(428)] unexpected header
[0428/172731.751:ERROR:crash_report_database_win.cc(428)] unexpected header
[0428/174231.751:ERROR:crash_report_database_win.cc(428)] unexpected header
[0428/175731.753:ERROR:crash_report_database_win.cc(428)] unexpected header
[0428/183109.656:ERROR:crash_report_database_win.cc(428)] unexpected header
[0428/184609.656:ERROR:crash_report_database_win.cc(428)] unexpected header
[0428/190109.656:ERROR:crash_report_database_win.cc(428)] unexpected header
[0428/194857.888:ERROR:crash_report_database_win.cc(428)] unexpected header
[0428/200707.388:ERROR:crash_report_database_win.cc(428)] unexpected header
[0428/210328.347:ERROR:crash_report_database_win.cc(428)] unexpected header
[0428/211828.348:ERROR:crash_report_database_win.cc(428)] unexpected header
[0428/213328.349:ERROR:crash_report_database_win.cc(428)] unexpected header
[0428/214828.351:ERROR:crash_report_database_win.cc(428)] unexpected header
[0428/220328.353:ERROR:crash_report_database_win.cc(428)] unexpected header
[0428/221828.355:ERROR:crash_report_database_win.cc(428)] unexpected header
[0428/223328.357:ERROR:crash_report_database_win.cc(428)] unexpected header
[0428/224828.358:ERROR:crash_report_database_win.cc(428)] unexpected header
[0428/231313.097:ERROR:crash_report_database_win.cc(428)] unexpected header
[0428/232813.099:ERROR:crash_report_database_win.cc(428)] unexpected header
[0428/234313.099:ERROR:crash_report_database_win.cc(428)] unexpected header
[0428/235813.100:ERROR:crash_report_database_win.cc(428)] unexpected header
[0429/003247.843:ERROR:crash_report_database_win.cc(428)] unexpected header
[0429/004247.847:ERROR:crash_report_database_win.cc(428)] unexpected header
[0429/004247.848:ERROR:crash_report_database_win.cc(428)] unexpected header
[0429/004747.845:ERROR:crash_report_database_win.cc(428)] unexpected header
[0429/010247.847:ERROR:crash_report_database_win.cc(428)] unexpected header
[0429/011747.849:ERROR:crash_report_database_win.cc(428)] unexpected header
[0429/013247.850:ERROR:crash_report_database_win.cc(428)] unexpected header
